2025-11-28 01:39:47 | INFO | preprocessing.log | === Preprocessing pipeline started ===
2025-11-28 01:39:47 | INFO | preprocessing.log | Input file: C:\Users\Rix\Projects\churn-prediction\data\processed\validated_df.csv
2025-11-28 01:39:47 | INFO | preprocessing.log | Output file: C:\Users\Rix\Projects\churn-prediction\data\clean\cleaned_telco_churn.csv
2025-11-28 01:39:47 | ERROR | preprocessing.log | Preprocessing pipeline failed: Cannot save file into a non-existent directory: 'C:\Users\Rix\Projects\churn-prediction\data\clean'
2025-11-28 01:50:42 | INFO | preprocessing.log | === Preprocessing pipeline started ===
2025-11-28 01:50:42 | INFO | preprocessing.log | Input file: C:\Users\Rix\Projects\churn-prediction\data\processed\validated_df.csv
2025-11-28 01:50:42 | INFO | preprocessing.log | Output file: C:\Users\Rix\Projects\churn-prediction\data\clean\cleaned_telco_churn.csv
2025-11-28 01:50:43 | INFO | preprocessing.log | Preprocessing pipeline completed successfully
2025-11-28 01:50:43 | INFO | preprocessing.log | Final cleaned dataset shape: (7043, 31)
2025-11-28 04:35:13 | INFO | preprocessing.log | === Preprocessing pipeline started ===
2025-11-28 04:35:13 | INFO | preprocessing.log | Input file: C:\Users\Rix\Projects\churn-prediction\data\processed\validated_df.csv
2025-11-28 04:35:13 | INFO | preprocessing.log | Output file: C:\Users\Rix\Projects\churn-prediction\data\clean\cleaned_telco_churn.csv
2025-11-28 04:35:13 | ERROR | preprocessing.log | Preprocessing pipeline failed: name 'DATETIME_COLS' is not defined
2025-11-28 04:37:45 | INFO | preprocessing.log | === Preprocessing pipeline started ===
2025-11-28 04:37:45 | INFO | preprocessing.log | Input file: C:\Users\Rix\Projects\churn-prediction\data\processed\validated_df.csv
2025-11-28 04:37:45 | INFO | preprocessing.log | Output file: C:\Users\Rix\Projects\churn-prediction\data\clean\cleaned_telco_churn.csv
2025-11-28 04:37:45 | INFO | preprocessing.log | === Preprocessing pipeline started ===
2025-11-28 04:37:45 | INFO | preprocessing.log | Loaded dataset with 7043 rows and 21 columns
2025-11-28 04:37:45 | INFO | preprocessing.log | Removed 0 duplicate rows
2025-11-28 04:37:45 | INFO | preprocessing.log | Datatype conversion completed
2025-11-28 04:37:45 | INFO | preprocessing.log | Column datatypes after conversion: {'tenure': 'int64', 'MonthlyCharges': 'float64', 'TotalCharges': 'float64', 'gender': 'category', 'SeniorCitizen': 'category', 'Partner': 'category', 'Dependents': 'category', 'PhoneService': 'category', 'MultipleLines': 'category', 'InternetService': 'category', 'OnlineSecurity': 'category', 'OnlineBackup': 'category', 'DeviceProtection': 'category', 'TechSupport': 'category', 'StreamingTV': 'category', 'StreamingMovies': 'category', 'Contract': 'category', 'PaperlessBilling': 'category', 'PaymentMethod': 'category', 'Churn': 'category'}
2025-11-28 04:37:45 | INFO | preprocessing.log | Handling missing values...
2025-11-28 04:37:45 | INFO | preprocessing.log | Missing value summary: {'tenure': {'missing_count': np.int64(0), 'missing_pct': np.float64(0.0)}, 'MonthlyCharges': {'missing_count': np.int64(0), 'missing_pct': np.float64(0.0)}, 'TotalCharges': {'missing_count': np.int64(11), 'missing_pct': np.float64(0.16)}, 'gender': {'missing_count': np.int64(0), 'missing_pct': np.float64(0.0)}, 'SeniorCitizen': {'missing_count': np.int64(0), 'missing_pct': np.float64(0.0)}, 'Partner': {'missing_count': np.int64(0), 'missing_pct': np.float64(0.0)}, 'Dependents': {'missing_count': np.int64(0), 'missing_pct': np.float64(0.0)}, 'PhoneService': {'missing_count': np.int64(0), 'missing_pct': np.float64(0.0)}, 'MultipleLines': {'missing_count': np.int64(0), 'missing_pct': np.float64(0.0)}, 'InternetService': {'missing_count': np.int64(0), 'missing_pct': np.float64(0.0)}, 'OnlineSecurity': {'missing_count': np.int64(0), 'missing_pct': np.float64(0.0)}, 'OnlineBackup': {'missing_count': np.int64(0), 'missing_pct': np.float64(0.0)}, 'DeviceProtection': {'missing_count': np.int64(0), 'missing_pct': np.float64(0.0)}, 'TechSupport': {'missing_count': np.int64(0), 'missing_pct': np.float64(0.0)}, 'StreamingTV': {'missing_count': np.int64(0), 'missing_pct': np.float64(0.0)}, 'StreamingMovies': {'missing_count': np.int64(0), 'missing_pct': np.float64(0.0)}, 'Contract': {'missing_count': np.int64(0), 'missing_pct': np.float64(0.0)}, 'PaperlessBilling': {'missing_count': np.int64(0), 'missing_pct': np.float64(0.0)}, 'PaymentMethod': {'missing_count': np.int64(0), 'missing_pct': np.float64(0.0)}, 'Churn': {'missing_count': np.int64(0), 'missing_pct': np.float64(0.0)}}
2025-11-28 04:37:45 | INFO | preprocessing.log | Flagging outliers...
2025-11-28 04:37:45 | INFO | preprocessing.log | Outlier summary: {'tenure': {'zscore_outliers': np.int64(0), 'iqr_outliers': np.int64(0)}, 'MonthlyCharges': {'zscore_outliers': np.int64(0), 'iqr_outliers': np.int64(0)}, 'TotalCharges': {'zscore_outliers': np.int64(0), 'iqr_outliers': np.int64(0)}, 'isolation_forest_total': np.int64(71)}
2025-11-28 04:37:45 | INFO | preprocessing.log | Feature scaling completed
2025-11-28 04:37:45 | INFO | preprocessing.log | Processed dataset saved to: C:\Users\Rix\Projects\churn-prediction\data\clean\cleaned_telco_churn.csv
2025-11-28 04:37:45 | INFO | preprocessing.log | === Preprocessing pipeline completed successfully ===
2025-11-28 04:37:45 | INFO | preprocessing.log | Final cleaned dataset shape: (7043, 31)
2025-11-28 04:37:45 | INFO | preprocessing.log | Preprocessing pipeline completed successfully
2025-11-28 04:37:45 | INFO | preprocessing.log | Final cleaned dataset shape: (7043, 31)
2025-11-28 04:51:07 | INFO | preprocessing.log | === Preprocessing pipeline started ===
2025-11-28 04:51:07 | INFO | preprocessing.log | Input file: C:\Users\Rix\Projects\churn-prediction\data\processed\validated_df.csv
2025-11-28 04:51:07 | INFO | preprocessing.log | Output file: C:\Users\Rix\Projects\churn-prediction\data\clean\cleaned_telco_churn.csv
2025-11-28 04:51:07 | INFO | preprocessing.log | === Preprocessing pipeline started ===
2025-11-28 04:51:07 | INFO | preprocessing.log | Loaded dataset: 7043 rows, 21 columns
2025-11-28 04:51:07 | INFO | preprocessing.log | Removed 0 duplicate rows
2025-11-28 04:51:07 | INFO | preprocessing.log | Datatype conversion completed
2025-11-28 04:51:07 | INFO | preprocessing.log | Column datatypes after conversion: {'tenure': 'int64', 'MonthlyCharges': 'float64', 'TotalCharges': 'float64', 'gender': 'category', 'SeniorCitizen': 'category', 'Partner': 'category', 'Dependents': 'category', 'PhoneService': 'category', 'MultipleLines': 'category', 'InternetService': 'category', 'OnlineSecurity': 'category', 'OnlineBackup': 'category', 'DeviceProtection': 'category', 'TechSupport': 'category', 'StreamingTV': 'category', 'StreamingMovies': 'category', 'Contract': 'category', 'PaperlessBilling': 'category', 'PaymentMethod': 'category', 'Churn': 'category'}
2025-11-28 04:51:07 | INFO | preprocessing.log | 
Missing Values Summary:
                  Missing Count  Missing %
tenure                      0.0       0.00
MonthlyCharges              0.0       0.00
TotalCharges               11.0       0.16
gender                      0.0       0.00
SeniorCitizen               0.0       0.00
Partner                     0.0       0.00
Dependents                  0.0       0.00
PhoneService                0.0       0.00
MultipleLines               0.0       0.00
InternetService             0.0       0.00
OnlineSecurity              0.0       0.00
OnlineBackup                0.0       0.00
DeviceProtection            0.0       0.00
TechSupport                 0.0       0.00
StreamingTV                 0.0       0.00
StreamingMovies             0.0       0.00
Contract                    0.0       0.00
PaperlessBilling            0.0       0.00
PaymentMethod               0.0       0.00
Churn                       0.0       0.00
2025-11-28 04:51:08 | INFO | preprocessing.log | 
Outlier Summary:
                       Z-score outliers  IQR outliers
tenure                                0             0
MonthlyCharges                        0             0
TotalCharges                          0             0
IsolationForest total                71            71
2025-11-28 04:51:08 | INFO | preprocessing.log | Feature scaling completed
2025-11-28 04:51:08 | INFO | preprocessing.log | Processed dataset saved to: C:\Users\Rix\Projects\churn-prediction\data\clean\cleaned_telco_churn.csv
2025-11-28 04:51:08 | INFO | preprocessing.log | === Preprocessing pipeline completed successfully ===
2025-11-28 04:51:08 | INFO | preprocessing.log | Final cleaned dataset shape: (7043, 31)
2025-11-28 04:51:08 | INFO | preprocessing.log | Preprocessing pipeline completed successfully
2025-11-28 04:51:08 | INFO | preprocessing.log | Final cleaned dataset shape: (7043, 31)
